{
  "RSpec": {
    "coverage": {
      "/Users/gabrielguerra/Desktop/CODE/Battle Of Monters/assessment-cc-ruby-on-rails-sr-01/app/helpers/application_helper.rb": {
        "lines": [
          1,
          null
        ]
      },
      "/Users/gabrielguerra/Desktop/CODE/Battle Of Monters/assessment-cc-ruby-on-rails-sr-01/app/helpers/battles_extended_helper.rb": {
        "lines": [
          1,
          null
        ]
      },
      "/Users/gabrielguerra/Desktop/CODE/Battle Of Monters/assessment-cc-ruby-on-rails-sr-01/app/helpers/monsters_extended_helper.rb": {
        "lines": [
          1,
          null
        ]
      },
      "/Users/gabrielguerra/Desktop/CODE/Battle Of Monters/assessment-cc-ruby-on-rails-sr-01/app/controllers/battles_controller.rb": {
        "lines": [
          null,
          null,
          1,
          1,
          1,
          1,
          null,
          null,
          1,
          0,
          null,
          null,
          1,
          0,
          null,
          null
        ]
      },
      "/Users/gabrielguerra/Desktop/CODE/Battle Of Monters/assessment-cc-ruby-on-rails-sr-01/app/controllers/application_controller.rb": {
        "lines": [
          1,
          null
        ]
      },
      "/Users/gabrielguerra/Desktop/CODE/Battle Of Monters/assessment-cc-ruby-on-rails-sr-01/app/controllers/battles_extended_controller.rb": {
        "lines": [
          null,
          null,
          1,
          1,
          null,
          1,
          null,
          null,
          5,
          5,
          null,
          5,
          2,
          2,
          null,
          null,
          3,
          3,
          null,
          3,
          3,
          3,
          null,
          1,
          1,
          null,
          null,
          3,
          null,
          3,
          3,
          null,
          3,
          null,
          null,
          1,
          null,
          2,
          2,
          1,
          1,
          null,
          1,
          null,
          null,
          null,
          1,
          null,
          1,
          3,
          0,
          3,
          0,
          null,
          3,
          null,
          null,
          null
        ]
      },
      "/Users/gabrielguerra/Desktop/CODE/Battle Of Monters/assessment-cc-ruby-on-rails-sr-01/app/controllers/monsters_controller.rb": {
        "lines": [
          1,
          null,
          1,
          1,
          0,
          null,
          null,
          1,
          null,
          2,
          1,
          1,
          1,
          null,
          null,
          null,
          1,
          1,
          null,
          1,
          1,
          null,
          0,
          null,
          null,
          null,
          1,
          0,
          null,
          null,
          1,
          null,
          2,
          null,
          1,
          null,
          null,
          1,
          1,
          null,
          0,
          null,
          null,
          null,
          1,
          null,
          2,
          null,
          1,
          null,
          null,
          1,
          1,
          null,
          0,
          null,
          null,
          null,
          1,
          5,
          null,
          5,
          4,
          4,
          1,
          null,
          null,
          3,
          3,
          3,
          6,
          null,
          null,
          3,
          null,
          null,
          3,
          1,
          2,
          0,
          null,
          2,
          null,
          null,
          null,
          1,
          null,
          null,
          null,
          1,
          1,
          2,
          null,
          null,
          null,
          null,
          null
        ]
      },
      "/Users/gabrielguerra/Desktop/CODE/Battle Of Monters/assessment-cc-ruby-on-rails-sr-01/app/controllers/monsters_extended_controller.rb": {
        "lines": [
          null,
          null,
          1,
          1,
          null,
          null,
          1,
          null,
          1,
          null,
          null
        ]
      },
      "/Users/gabrielguerra/Desktop/CODE/Battle Of Monters/assessment-cc-ruby-on-rails-sr-01/app/models/battle.rb": {
        "lines": [
          1,
          1,
          1,
          1,
          null
        ]
      },
      "/Users/gabrielguerra/Desktop/CODE/Battle Of Monters/assessment-cc-ruby-on-rails-sr-01/app/models/application_record.rb": {
        "lines": [
          1,
          1,
          null
        ]
      },
      "/Users/gabrielguerra/Desktop/CODE/Battle Of Monters/assessment-cc-ruby-on-rails-sr-01/app/models/monster.rb": {
        "lines": [
          1,
          1,
          1,
          1,
          null,
          1,
          1,
          1,
          1,
          1,
          1,
          null
        ]
      },
      "/Users/gabrielguerra/Desktop/CODE/Battle Of Monters/assessment-cc-ruby-on-rails-sr-01/app/services/csv_import_service.rb": {
        "lines": [
          1,
          1,
          3,
          null,
          3,
          null,
          3,
          null,
          null,
          null,
          null,
          null,
          null,
          null,
          3,
          null,
          null,
          null
        ]
      },
      "/Users/gabrielguerra/Desktop/CODE/Battle Of Monters/assessment-cc-ruby-on-rails-sr-01/app/channels/application_cable/channel.rb": {
        "lines": [
          0,
          0,
          0,
          0
        ],
        "branches": {
        }
      },
      "/Users/gabrielguerra/Desktop/CODE/Battle Of Monters/assessment-cc-ruby-on-rails-sr-01/app/channels/application_cable/connection.rb": {
        "lines": [
          0,
          0,
          0,
          0
        ],
        "branches": {
        }
      },
      "/Users/gabrielguerra/Desktop/CODE/Battle Of Monters/assessment-cc-ruby-on-rails-sr-01/app/jobs/application_job.rb": {
        "lines": [
          0,
          null,
          null,
          null,
          null,
          null,
          0
        ],
        "branches": {
        }
      },
      "/Users/gabrielguerra/Desktop/CODE/Battle Of Monters/assessment-cc-ruby-on-rails-sr-01/app/mailers/application_mailer.rb": {
        "lines": [
          0,
          0,
          0,
          0
        ],
        "branches": {
        }
      }
    },
    "timestamp": 1731486571
  }
}
